<?xml version="1.0" encoding="UTF-8"?>
<!-- Generated by org.testng.reporters.JUnitReportReporter -->
<testsuite skipped="0" hostname="HPLaptop" name="EduProject.NewTest" tests="1" failures="0" timestamp="11 Sep 2019 09:39:53 GMT" time="5.471" errors="0">
  <testcase name="verifyEduProject" time="5.471" classname="EduProject.NewTest"/>
</testsuite> <!-- EduProject.NewTest -->
